<?xml version="1.0" encoding="UTF-8"?>
<!-- Generated by org.testng.reporters.JUnitReportReporter -->
<testsuite hostname="DESKTOP-R3IULL6" failures="0" tests="1" name="testautomation.testing.AppTest" time="17.608" errors="0" timestamp="19 Apr 2021 20:50:36 GMT" skipped="0">
  <testcase classname="testautomation.testing.AppTest" name="test" time="17.608"/>
</testsuite> <!-- testautomation.testing.AppTest -->
